Thu Jun 22 2017 16:40:58 GMT+0200 (CEST): GET /
Thu Jun 22 2017 16:41:16 GMT+0200 (CEST): GET /
Thu Jun 22 2017 16:41:17 GMT+0200 (CEST): GET /about
Thu Jun 22 2017 16:41:17 GMT+0200 (CEST): GET /
Thu Jun 22 2017 16:50:37 GMT+0200 (CEST): GET /
Thu Jun 22 2017 16:51:27 GMT+0200 (CEST): GET /
Thu Jun 22 2017 16:51:27 GMT+0200 (CEST): GET /
Thu Jun 22 2017 16:52:01 GMT+0200 (CEST): GET /
Thu Jun 22 2017 16:52:05 GMT+0200 (CEST): GET /about
Thu Jun 22 2017 16:53:16 GMT+0200 (CEST): GET /help.html
Sun Aug 06 2017 12:05:51 GMT+0200 (CEST): GET /
Sun Aug 06 2017 12:06:01 GMT+0200 (CEST): GET /about
Sun Aug 06 2017 12:06:02 GMT+0200 (CEST): GET /
Sun Aug 06 2017 12:06:03 GMT+0200 (CEST): GET /about
Sun Aug 06 2017 12:06:04 GMT+0200 (CEST): GET /
Sun Aug 06 2017 12:07:20 GMT+0200 (CEST): GET /
Sun Aug 06 2017 12:08:20 GMT+0200 (CEST): GET /
Sun Aug 06 2017 12:09:38 GMT+0200 (CEST): GET /
Sun Aug 06 2017 12:09:39 GMT+0200 (CEST): GET /favicon.ico
Sun Aug 06 2017 12:09:42 GMT+0200 (CEST): GET /
Sun Aug 06 2017 12:09:42 GMT+0200 (CEST): GET /about
Sun Aug 06 2017 12:09:44 GMT+0200 (CEST): GET /
Sun Aug 06 2017 12:14:41 GMT+0200 (CEST): GET /rdctfvybhun
Sun Aug 06 2017 12:14:45 GMT+0200 (CEST): GET /
Sun Aug 06 2017 12:15:43 GMT+0200 (CEST): GET /bad
Sun Aug 06 2017 13:28:14 GMT+0200 (CEST): GET /
Sun Aug 06 2017 13:28:15 GMT+0200 (CEST): GET /about
Sun Aug 06 2017 13:28:16 GMT+0200 (CEST): GET /
Sun Aug 06 2017 14:04:49 GMT+0200 (CEST): GET /help
Sun Aug 06 2017 14:05:06 GMT+0200 (CEST): GET /help.html
Sun Aug 06 2017 14:05:10 GMT+0200 (CEST): GET /about
Sun Aug 06 2017 14:05:11 GMT+0200 (CEST): GET /
Sun Aug 06 2017 14:12:37 GMT+0200 (CEST): GET /
Sun Aug 06 2017 14:12:38 GMT+0200 (CEST): GET /about
Sun Aug 06 2017 14:12:39 GMT+0200 (CEST): GET /
Sun Aug 06 2017 14:13:34 GMT+0200 (CEST): GET /about
Sun Aug 06 2017 14:13:35 GMT+0200 (CEST): GET /
Sun Aug 06 2017 14:13:36 GMT+0200 (CEST): GET /about
Sun Aug 06 2017 14:13:37 GMT+0200 (CEST): GET /
Sun Aug 06 2017 14:15:47 GMT+0200 (CEST): GET /
Sun Aug 06 2017 14:15:48 GMT+0200 (CEST): GET /about
Sun Aug 06 2017 14:15:49 GMT+0200 (CEST): GET /
Sun Aug 06 2017 14:29:18 GMT+0200 (CEST): GET /about
Sun Aug 06 2017 14:29:19 GMT+0200 (CEST): GET /
Sun Aug 06 2017 14:29:21 GMT+0200 (CEST): GET /about
Sun Aug 06 2017 14:33:45 GMT+0200 (CEST): GET /about
Sun Aug 06 2017 14:33:52 GMT+0200 (CEST): GET /about
Sun Aug 06 2017 14:34:55 GMT+0200 (CEST): GET /about
Sun Aug 06 2017 14:35:01 GMT+0200 (CEST): GET /about
Sun Aug 06 2017 14:35:03 GMT+0200 (CEST): GET /about
Sun Aug 06 2017 14:35:04 GMT+0200 (CEST): GET /about
Sun Aug 06 2017 14:35:05 GMT+0200 (CEST): GET /about
Sun Aug 06 2017 14:35:05 GMT+0200 (CEST): GET /about
Sun Aug 06 2017 14:35:05 GMT+0200 (CEST): GET /about
Sun Aug 06 2017 14:35:05 GMT+0200 (CEST): GET /about
Sun Aug 06 2017 14:35:15 GMT+0200 (CEST): GET /about
Sun Aug 06 2017 14:36:22 GMT+0200 (CEST): GET /about
Sun Aug 06 2017 14:36:22 GMT+0200 (CEST): GET /maintenance.hbs
Sun Aug 06 2017 14:36:22 GMT+0200 (CEST): GET /maintenance.hbs
Sun Aug 06 2017 14:36:22 GMT+0200 (CEST): GET /maintenance.hbs
Sun Aug 06 2017 14:36:22 GMT+0200 (CEST): GET /maintenance.hbs
Sun Aug 06 2017 14:36:22 GMT+0200 (CEST): GET /maintenance.hbs
Sun Aug 06 2017 14:36:22 GMT+0200 (CEST): GET /maintenance.hbs
Sun Aug 06 2017 14:36:22 GMT+0200 (CEST): GET /maintenance.hbs
Sun Aug 06 2017 14:36:22 GMT+0200 (CEST): GET /maintenance.hbs
Sun Aug 06 2017 14:36:22 GMT+0200 (CEST): GET /maintenance.hbs
Sun Aug 06 2017 14:36:22 GMT+0200 (CEST): GET /maintenance.hbs
Sun Aug 06 2017 14:36:22 GMT+0200 (CEST): GET /maintenance.hbs
Sun Aug 06 2017 14:36:22 GMT+0200 (CEST): GET /maintenance.hbs
Sun Aug 06 2017 14:36:22 GMT+0200 (CEST): GET /maintenance.hbs
Sun Aug 06 2017 14:36:22 GMT+0200 (CEST): GET /maintenance.hbs
Sun Aug 06 2017 14:36:22 GMT+0200 (CEST): GET /maintenance.hbs
Sun Aug 06 2017 14:36:22 GMT+0200 (CEST): GET /maintenance.hbs
Sun Aug 06 2017 14:36:22 GMT+0200 (CEST): GET /maintenance.hbs
Sun Aug 06 2017 14:36:22 GMT+0200 (CEST): GET /maintenance.hbs
Sun Aug 06 2017 14:36:22 GMT+0200 (CEST): GET /maintenance.hbs
Sun Aug 06 2017 14:36:22 GMT+0200 (CEST): GET /maintenance.hbs
Sun Aug 06 2017 14:36:22 GMT+0200 (CEST): GET /maintenance.hbs
Sun Aug 06 2017 14:36:22 GMT+0200 (CEST): GET /maintenance.hbs
Sun Aug 06 2017 14:36:22 GMT+0200 (CEST): GET /maintenance.hbs
Sun Aug 06 2017 14:36:22 GMT+0200 (CEST): GET /maintenance.hbs
Sun Aug 06 2017 14:36:22 GMT+0200 (CEST): GET /maintenance.hbs
Sun Aug 06 2017 14:36:22 GMT+0200 (CEST): GET /maintenance.hbs
Sun Aug 06 2017 14:36:22 GMT+0200 (CEST): GET /maintenance.hbs
Sun Aug 06 2017 14:36:22 GMT+0200 (CEST): GET /maintenance.hbs
Sun Aug 06 2017 14:36:22 GMT+0200 (CEST): GET /maintenance.hbs
Sun Aug 06 2017 14:36:22 GMT+0200 (CEST): GET /maintenance.hbs
Sun Aug 06 2017 14:36:22 GMT+0200 (CEST): GET /maintenance.hbs
Sun Aug 06 2017 14:36:22 GMT+0200 (CEST): GET /maintenance.hbs
Sun Aug 06 2017 14:36:22 GMT+0200 (CEST): GET /maintenance.hbs
Sun Aug 06 2017 14:36:22 GMT+0200 (CEST): GET /maintenance.hbs
Sun Aug 06 2017 14:36:22 GMT+0200 (CEST): GET /maintenance.hbs
Sun Aug 06 2017 14:36:22 GMT+0200 (CEST): GET /maintenance.hbs
Sun Aug 06 2017 14:36:22 GMT+0200 (CEST): GET /maintenance.hbs
Sun Aug 06 2017 14:36:22 GMT+0200 (CEST): GET /maintenance.hbs
Sun Aug 06 2017 14:36:22 GMT+0200 (CEST): GET /maintenance.hbs
Sun Aug 06 2017 14:36:22 GMT+0200 (CEST): GET /maintenance.hbs
Sun Aug 06 2017 14:36:22 GMT+0200 (CEST): GET /maintenance.hbs
Sun Aug 06 2017 14:36:27 GMT+0200 (CEST): GET /maintenance.hbs
Sun Aug 06 2017 14:36:27 GMT+0200 (CEST): GET /maintenance.hbs
Sun Aug 06 2017 14:36:27 GMT+0200 (CEST): GET /maintenance.hbs
Sun Aug 06 2017 14:36:27 GMT+0200 (CEST): GET /maintenance.hbs
Sun Aug 06 2017 14:36:27 GMT+0200 (CEST): GET /maintenance.hbs
Sun Aug 06 2017 14:36:27 GMT+0200 (CEST): GET /maintenance.hbs
Sun Aug 06 2017 14:36:27 GMT+0200 (CEST): GET /maintenance.hbs
Sun Aug 06 2017 14:36:27 GMT+0200 (CEST): GET /maintenance.hbs
Sun Aug 06 2017 14:36:27 GMT+0200 (CEST): GET /maintenance.hbs
Sun Aug 06 2017 14:36:27 GMT+0200 (CEST): GET /maintenance.hbs
Sun Aug 06 2017 14:36:27 GMT+0200 (CEST): GET /maintenance.hbs
Sun Aug 06 2017 14:36:27 GMT+0200 (CEST): GET /maintenance.hbs
Sun Aug 06 2017 14:36:27 GMT+0200 (CEST): GET /maintenance.hbs
Sun Aug 06 2017 14:36:27 GMT+0200 (CEST): GET /maintenance.hbs
Sun Aug 06 2017 14:36:27 GMT+0200 (CEST): GET /maintenance.hbs
Sun Aug 06 2017 14:36:27 GMT+0200 (CEST): GET /maintenance.hbs
Sun Aug 06 2017 14:36:27 GMT+0200 (CEST): GET /maintenance.hbs
Sun Aug 06 2017 14:36:27 GMT+0200 (CEST): GET /maintenance.hbs
Sun Aug 06 2017 14:36:27 GMT+0200 (CEST): GET /maintenance.hbs
Sun Aug 06 2017 14:36:27 GMT+0200 (CEST): GET /maintenance.hbs
Sun Aug 06 2017 14:36:27 GMT+0200 (CEST): GET /maintenance.hbs
Sun Aug 06 2017 14:36:29 GMT+0200 (CEST): GET /maintenance.hbs
Sun Aug 06 2017 14:36:29 GMT+0200 (CEST): GET /maintenance.hbs
Sun Aug 06 2017 14:36:29 GMT+0200 (CEST): GET /maintenance.hbs
Sun Aug 06 2017 14:36:29 GMT+0200 (CEST): GET /maintenance.hbs
Sun Aug 06 2017 14:36:29 GMT+0200 (CEST): GET /maintenance.hbs
Sun Aug 06 2017 14:36:29 GMT+0200 (CEST): GET /maintenance.hbs
Sun Aug 06 2017 14:36:29 GMT+0200 (CEST): GET /maintenance.hbs
Sun Aug 06 2017 14:36:29 GMT+0200 (CEST): GET /maintenance.hbs
Sun Aug 06 2017 14:36:29 GMT+0200 (CEST): GET /maintenance.hbs
Sun Aug 06 2017 14:36:29 GMT+0200 (CEST): GET /maintenance.hbs
Sun Aug 06 2017 14:36:29 GMT+0200 (CEST): GET /maintenance.hbs
Sun Aug 06 2017 14:36:29 GMT+0200 (CEST): GET /maintenance.hbs
Sun Aug 06 2017 14:36:29 GMT+0200 (CEST): GET /maintenance.hbs
Sun Aug 06 2017 14:36:29 GMT+0200 (CEST): GET /maintenance.hbs
Sun Aug 06 2017 14:36:29 GMT+0200 (CEST): GET /maintenance.hbs
Sun Aug 06 2017 14:36:29 GMT+0200 (CEST): GET /maintenance.hbs
Sun Aug 06 2017 14:36:29 GMT+0200 (CEST): GET /maintenance.hbs
Sun Aug 06 2017 14:36:29 GMT+0200 (CEST): GET /maintenance.hbs
Sun Aug 06 2017 14:36:29 GMT+0200 (CEST): GET /maintenance.hbs
Sun Aug 06 2017 14:36:29 GMT+0200 (CEST): GET /maintenance.hbs
Sun Aug 06 2017 14:36:29 GMT+0200 (CEST): GET /maintenance.hbs
Sun Aug 06 2017 14:36:59 GMT+0200 (CEST): GET /maintenance.hbs
Sun Aug 06 2017 14:36:59 GMT+0200 (CEST): GET /maintenance.hbs
Sun Aug 06 2017 14:37:00 GMT+0200 (CEST): GET /maintenance.hbs
Sun Aug 06 2017 14:37:00 GMT+0200 (CEST): GET /maintenance.hbs
Sun Aug 06 2017 14:37:00 GMT+0200 (CEST): GET /maintenance.hbs
Sun Aug 06 2017 14:37:00 GMT+0200 (CEST): GET /maintenance.hbs
Sun Aug 06 2017 14:37:00 GMT+0200 (CEST): GET /maintenance.hbs
Sun Aug 06 2017 14:37:00 GMT+0200 (CEST): GET /maintenance.hbs
Sun Aug 06 2017 14:37:00 GMT+0200 (CEST): GET /maintenance.hbs
Sun Aug 06 2017 14:37:00 GMT+0200 (CEST): GET /maintenance.hbs
Sun Aug 06 2017 14:37:00 GMT+0200 (CEST): GET /maintenance.hbs
Sun Aug 06 2017 14:37:00 GMT+0200 (CEST): GET /maintenance.hbs
Sun Aug 06 2017 14:37:00 GMT+0200 (CEST): GET /maintenance.hbs
Sun Aug 06 2017 14:37:00 GMT+0200 (CEST): GET /maintenance.hbs
Sun Aug 06 2017 14:37:00 GMT+0200 (CEST): GET /maintenance.hbs
Sun Aug 06 2017 14:37:00 GMT+0200 (CEST): GET /maintenance.hbs
Sun Aug 06 2017 14:37:00 GMT+0200 (CEST): GET /maintenance.hbs
Sun Aug 06 2017 14:37:00 GMT+0200 (CEST): GET /maintenance.hbs
Sun Aug 06 2017 14:37:00 GMT+0200 (CEST): GET /maintenance.hbs
Sun Aug 06 2017 14:37:00 GMT+0200 (CEST): GET /maintenance.hbs
Sun Aug 06 2017 14:37:00 GMT+0200 (CEST): GET /maintenance.hbs
Sun Aug 06 2017 14:37:25 GMT+0200 (CEST): GET /maintenance.hbs
Sun Aug 06 2017 14:37:25 GMT+0200 (CEST): GET /maintenance.hbs
Sun Aug 06 2017 14:37:25 GMT+0200 (CEST): GET /maintenance.hbs
Sun Aug 06 2017 14:37:25 GMT+0200 (CEST): GET /maintenance.hbs
Sun Aug 06 2017 14:37:25 GMT+0200 (CEST): GET /maintenance.hbs
Sun Aug 06 2017 14:37:25 GMT+0200 (CEST): GET /maintenance.hbs
Sun Aug 06 2017 14:37:25 GMT+0200 (CEST): GET /maintenance.hbs
Sun Aug 06 2017 14:37:25 GMT+0200 (CEST): GET /maintenance.hbs
Sun Aug 06 2017 14:37:25 GMT+0200 (CEST): GET /maintenance.hbs
Sun Aug 06 2017 14:37:25 GMT+0200 (CEST): GET /maintenance.hbs
Sun Aug 06 2017 14:37:25 GMT+0200 (CEST): GET /maintenance.hbs
Sun Aug 06 2017 14:37:25 GMT+0200 (CEST): GET /maintenance.hbs
Sun Aug 06 2017 14:37:25 GMT+0200 (CEST): GET /maintenance.hbs
Sun Aug 06 2017 14:37:25 GMT+0200 (CEST): GET /maintenance.hbs
Sun Aug 06 2017 14:37:25 GMT+0200 (CEST): GET /maintenance.hbs
Sun Aug 06 2017 14:37:25 GMT+0200 (CEST): GET /maintenance.hbs
Sun Aug 06 2017 14:37:25 GMT+0200 (CEST): GET /maintenance.hbs
Sun Aug 06 2017 14:37:25 GMT+0200 (CEST): GET /maintenance.hbs
Sun Aug 06 2017 14:37:25 GMT+0200 (CEST): GET /maintenance.hbs
Sun Aug 06 2017 14:37:25 GMT+0200 (CEST): GET /maintenance.hbs
Sun Aug 06 2017 14:37:25 GMT+0200 (CEST): GET /maintenance.hbs
Sun Aug 06 2017 14:37:47 GMT+0200 (CEST): GET /maintenance.hbs
Sun Aug 06 2017 14:37:47 GMT+0200 (CEST): GET /maintenance.hbs
Sun Aug 06 2017 14:37:47 GMT+0200 (CEST): GET /maintenance.hbs
Sun Aug 06 2017 14:37:47 GMT+0200 (CEST): GET /maintenance.hbs
Sun Aug 06 2017 14:37:47 GMT+0200 (CEST): GET /maintenance.hbs
Sun Aug 06 2017 14:37:47 GMT+0200 (CEST): GET /maintenance.hbs
Sun Aug 06 2017 14:37:47 GMT+0200 (CEST): GET /maintenance.hbs
Sun Aug 06 2017 14:37:47 GMT+0200 (CEST): GET /maintenance.hbs
Sun Aug 06 2017 14:37:47 GMT+0200 (CEST): GET /maintenance.hbs
Sun Aug 06 2017 14:37:47 GMT+0200 (CEST): GET /maintenance.hbs
Sun Aug 06 2017 14:37:47 GMT+0200 (CEST): GET /maintenance.hbs
Sun Aug 06 2017 14:37:47 GMT+0200 (CEST): GET /maintenance.hbs
Sun Aug 06 2017 14:37:47 GMT+0200 (CEST): GET /maintenance.hbs
Sun Aug 06 2017 14:37:47 GMT+0200 (CEST): GET /maintenance.hbs
Sun Aug 06 2017 14:37:47 GMT+0200 (CEST): GET /maintenance.hbs
Sun Aug 06 2017 14:37:47 GMT+0200 (CEST): GET /maintenance.hbs
Sun Aug 06 2017 14:37:47 GMT+0200 (CEST): GET /maintenance.hbs
Sun Aug 06 2017 14:37:47 GMT+0200 (CEST): GET /maintenance.hbs
Sun Aug 06 2017 14:37:47 GMT+0200 (CEST): GET /maintenance.hbs
Sun Aug 06 2017 14:37:47 GMT+0200 (CEST): GET /maintenance.hbs
Sun Aug 06 2017 14:37:47 GMT+0200 (CEST): GET /maintenance.hbs
Sun Aug 06 2017 14:38:19 GMT+0200 (CEST): GET /home
Sun Aug 06 2017 14:38:30 GMT+0200 (CEST): GET /home
Sun Aug 06 2017 14:38:34 GMT+0200 (CEST): GET /home
Sun Aug 06 2017 14:38:43 GMT+0200 (CEST): GET /
